Determining if the include file link.h exists failed with the following output:
Change Dir: /Users/Alexis/Documents/dev/bthesis/emsdk-portable/clang/fastcomp/build_incoming_64/CMakeFiles/CMakeTmp

Run Build Command:"/usr/bin/make" "cmTC_f79d1/fast"
/Applications/Xcode.app/Contents/Developer/usr/bin/make -f CMakeFiles/cmTC_f79d1.dir/build.make CMakeFiles/cmTC_f79d1.dir/build
Building C object CMakeFiles/cmTC_f79d1.dir/CheckIncludeFile.c.o
/Applications/Xcode.app/Contents/Developer/Toolchains/XcodeDefault.xctoolchain/usr/bin/cc    -o CMakeFiles/cmTC_f79d1.dir/CheckIncludeFile.c.o   -c /Users/Alexis/Documents/dev/bthesis/emsdk-portable/clang/fastcomp/build_incoming_64/CMakeFiles/CMakeTmp/CheckIncludeFile.c
/Users/Alexis/Documents/dev/bthesis/emsdk-portable/clang/fastcomp/build_incoming_64/CMakeFiles/CMakeTmp/CheckIncludeFile.c:1:10: fatal error: 'link.h' file not found
#include <link.h>
         ^~~~~~~~
1 error generated.
make[1]: *** [CMakeFiles/cmTC_f79d1.dir/CheckIncludeFile.c.o] Error 1
make: *** [cmTC_f79d1/fast] Error 2


Determining if the include file malloc.h exists failed with the following output:
Change Dir: /Users/Alexis/Documents/dev/bthesis/emsdk-portable/clang/fastcomp/build_incoming_64/CMakeFiles/CMakeTmp

Run Build Command:"/usr/bin/make" "cmTC_21040/fast"
/Applications/Xcode.app/Contents/Developer/usr/bin/make -f CMakeFiles/cmTC_21040.dir/build.make CMakeFiles/cmTC_21040.dir/build
Building C object CMakeFiles/cmTC_21040.dir/CheckIncludeFile.c.o
/Applications/Xcode.app/Contents/Developer/Toolchains/XcodeDefault.xctoolchain/usr/bin/cc    -o CMakeFiles/cmTC_21040.dir/CheckIncludeFile.c.o   -c /Users/Alexis/Documents/dev/bthesis/emsdk-portable/clang/fastcomp/build_incoming_64/CMakeFiles/CMakeTmp/CheckIncludeFile.c
/Users/Alexis/Documents/dev/bthesis/emsdk-portable/clang/fastcomp/build_incoming_64/CMakeFiles/CMakeTmp/CheckIncludeFile.c:1:10: fatal error: 'malloc.h' file not found
#include <malloc.h>
         ^~~~~~~~~~
1 error generated.
make[1]: *** [CMakeFiles/cmTC_21040.dir/CheckIncludeFile.c.o] Error 1
make: *** [cmTC_21040/fast] Error 2


Determining if the include file ndir.h exists failed with the following output:
Change Dir: /Users/Alexis/Documents/dev/bthesis/emsdk-portable/clang/fastcomp/build_incoming_64/CMakeFiles/CMakeTmp

Run Build Command:"/usr/bin/make" "cmTC_081c8/fast"
/Applications/Xcode.app/Contents/Developer/usr/bin/make -f CMakeFiles/cmTC_081c8.dir/build.make CMakeFiles/cmTC_081c8.dir/build
Building C object CMakeFiles/cmTC_081c8.dir/CheckIncludeFile.c.o
/Applications/Xcode.app/Contents/Developer/Toolchains/XcodeDefault.xctoolchain/usr/bin/cc    -o CMakeFiles/cmTC_081c8.dir/CheckIncludeFile.c.o   -c /Users/Alexis/Documents/dev/bthesis/emsdk-portable/clang/fastcomp/build_incoming_64/CMakeFiles/CMakeTmp/CheckIncludeFile.c
/Users/Alexis/Documents/dev/bthesis/emsdk-portable/clang/fastcomp/build_incoming_64/CMakeFiles/CMakeTmp/CheckIncludeFile.c:1:10: fatal error: 'ndir.h' file not found
#include <ndir.h>
         ^~~~~~~~
1 error generated.
make[1]: *** [CMakeFiles/cmTC_081c8.dir/CheckIncludeFile.c.o] Error 1
make: *** [cmTC_081c8/fast] Error 2


Determining if the include file sys/ndir.h exists failed with the following output:
Change Dir: /Users/Alexis/Documents/dev/bthesis/emsdk-portable/clang/fastcomp/build_incoming_64/CMakeFiles/CMakeTmp

Run Build Command:"/usr/bin/make" "cmTC_0e6fc/fast"
/Applications/Xcode.app/Contents/Developer/usr/bin/make -f CMakeFiles/cmTC_0e6fc.dir/build.make CMakeFiles/cmTC_0e6fc.dir/build
Building C object CMakeFiles/cmTC_0e6fc.dir/CheckIncludeFile.c.o
/Applications/Xcode.app/Contents/Developer/Toolchains/XcodeDefault.xctoolchain/usr/bin/cc    -o CMakeFiles/cmTC_0e6fc.dir/CheckIncludeFile.c.o   -c /Users/Alexis/Documents/dev/bthesis/emsdk-portable/clang/fastcomp/build_incoming_64/CMakeFiles/CMakeTmp/CheckIncludeFile.c
/Users/Alexis/Documents/dev/bthesis/emsdk-portable/clang/fastcomp/build_incoming_64/CMakeFiles/CMakeTmp/CheckIncludeFile.c:1:10: fatal error: 'sys/ndir.h' file not found
#include <sys/ndir.h>
         ^~~~~~~~~~~~
1 error generated.
make[1]: *** [CMakeFiles/cmTC_0e6fc.dir/CheckIncludeFile.c.o] Error 1
make: *** [cmTC_0e6fc/fast] Error 2


Determining if the include file valgrind/valgrind.h exists failed with the following output:
Change Dir: /Users/Alexis/Documents/dev/bthesis/emsdk-portable/clang/fastcomp/build_incoming_64/CMakeFiles/CMakeTmp

Run Build Command:"/usr/bin/make" "cmTC_bf7cd/fast"
/Applications/Xcode.app/Contents/Developer/usr/bin/make -f CMakeFiles/cmTC_bf7cd.dir/build.make CMakeFiles/cmTC_bf7cd.dir/build
Building C object CMakeFiles/cmTC_bf7cd.dir/CheckIncludeFile.c.o
/Applications/Xcode.app/Contents/Developer/Toolchains/XcodeDefault.xctoolchain/usr/bin/cc    -o CMakeFiles/cmTC_bf7cd.dir/CheckIncludeFile.c.o   -c /Users/Alexis/Documents/dev/bthesis/emsdk-portable/clang/fastcomp/build_incoming_64/CMakeFiles/CMakeTmp/CheckIncludeFile.c
/Users/Alexis/Documents/dev/bthesis/emsdk-portable/clang/fastcomp/build_incoming_64/CMakeFiles/CMakeTmp/CheckIncludeFile.c:1:10: fatal error: 'valgrind/valgrind.h' file not found
#include <valgrind/valgrind.h>
         ^~~~~~~~~~~~~~~~~~~~~
1 error generated.
make[1]: *** [CMakeFiles/cmTC_bf7cd.dir/CheckIncludeFile.c.o] Error 1
make: *** [cmTC_bf7cd/fast] Error 2


Determining if the include file CrashReporterClient.h exists failed with the following output:
Change Dir: /Users/Alexis/Documents/dev/bthesis/emsdk-portable/clang/fastcomp/build_incoming_64/CMakeFiles/CMakeTmp

Run Build Command:"/usr/bin/make" "cmTC_2d150/fast"
/Applications/Xcode.app/Contents/Developer/usr/bin/make -f CMakeFiles/cmTC_2d150.dir/build.make CMakeFiles/cmTC_2d150.dir/build
Building C object CMakeFiles/cmTC_2d150.dir/CheckIncludeFile.c.o
/Applications/Xcode.app/Contents/Developer/Toolchains/XcodeDefault.xctoolchain/usr/bin/cc    -o CMakeFiles/cmTC_2d150.dir/CheckIncludeFile.c.o   -c /Users/Alexis/Documents/dev/bthesis/emsdk-portable/clang/fastcomp/build_incoming_64/CMakeFiles/CMakeTmp/CheckIncludeFile.c
/Users/Alexis/Documents/dev/bthesis/emsdk-portable/clang/fastcomp/build_incoming_64/CMakeFiles/CMakeTmp/CheckIncludeFile.c:1:10: fatal error: 'CrashReporterClient.h' file not found
#include <CrashReporterClient.h>
         ^~~~~~~~~~~~~~~~~~~~~~~
1 error generated.
make[1]: *** [CMakeFiles/cmTC_2d150.dir/CheckIncludeFile.c.o] Error 1
make: *** [cmTC_2d150/fast] Error 2


Determining if the function clock_gettime exists in the rt failed with the following output:
Change Dir: /Users/Alexis/Documents/dev/bthesis/emsdk-portable/clang/fastcomp/build_incoming_64/CMakeFiles/CMakeTmp

Run Build Command:"/usr/bin/make" "cmTC_60f27/fast"
/Applications/Xcode.app/Contents/Developer/usr/bin/make -f CMakeFiles/cmTC_60f27.dir/build.make CMakeFiles/cmTC_60f27.dir/build
Building C object CMakeFiles/cmTC_60f27.dir/CheckFunctionExists.c.o
/Applications/Xcode.app/Contents/Developer/Toolchains/XcodeDefault.xctoolchain/usr/bin/cc   -DCHECK_FUNCTION_EXISTS=clock_gettime   -o CMakeFiles/cmTC_60f27.dir/CheckFunctionExists.c.o   -c /usr/local/Cellar/cmake/3.9.4_1/share/cmake/Modules/CheckFunctionExists.c
Linking C executable cmTC_60f27
/usr/local/Cellar/cmake/3.9.4_1/bin/cmake -E cmake_link_script CMakeFiles/cmTC_60f27.dir/link.txt --verbose=1
/Applications/Xcode.app/Contents/Developer/Toolchains/XcodeDefault.xctoolchain/usr/bin/cc  -DCHECK_FUNCTION_EXISTS=clock_gettime -Wl,-search_paths_first -Wl,-headerpad_max_install_names   CMakeFiles/cmTC_60f27.dir/CheckFunctionExists.c.o  -o cmTC_60f27 -lrt -lm 
ld: library not found for -lrt
clang: error: linker command failed with exit code 1 (use -v to see invocation)
make[1]: *** [cmTC_60f27] Error 1
make: *** [cmTC_60f27/fast] Error 2


Determining if the function setupterm exists in the tinfo failed with the following output:
Change Dir: /Users/Alexis/Documents/dev/bthesis/emsdk-portable/clang/fastcomp/build_incoming_64/CMakeFiles/CMakeTmp

Run Build Command:"/usr/bin/make" "cmTC_c7e6f/fast"
/Applications/Xcode.app/Contents/Developer/usr/bin/make -f CMakeFiles/cmTC_c7e6f.dir/build.make CMakeFiles/cmTC_c7e6f.dir/build
Building C object CMakeFiles/cmTC_c7e6f.dir/CheckFunctionExists.c.o
/Applications/Xcode.app/Contents/Developer/Toolchains/XcodeDefault.xctoolchain/usr/bin/cc   -DCHECK_FUNCTION_EXISTS=setupterm   -o CMakeFiles/cmTC_c7e6f.dir/CheckFunctionExists.c.o   -c /usr/local/Cellar/cmake/3.9.4_1/share/cmake/Modules/CheckFunctionExists.c
Linking C executable cmTC_c7e6f
/usr/local/Cellar/cmake/3.9.4_1/bin/cmake -E cmake_link_script CMakeFiles/cmTC_c7e6f.dir/link.txt --verbose=1
/Applications/Xcode.app/Contents/Developer/Toolchains/XcodeDefault.xctoolchain/usr/bin/cc  -DCHECK_FUNCTION_EXISTS=setupterm -Wl,-search_paths_first -Wl,-headerpad_max_install_names   CMakeFiles/cmTC_c7e6f.dir/CheckFunctionExists.c.o  -o cmTC_c7e6f -ltinfo -lm 
ld: library not found for -ltinfo
clang: error: linker command failed with exit code 1 (use -v to see invocation)
make[1]: *** [cmTC_c7e6f] Error 1
make: *** [cmTC_c7e6f/fast] Error 2


Determining if the function setupterm exists in the terminfo failed with the following output:
Change Dir: /Users/Alexis/Documents/dev/bthesis/emsdk-portable/clang/fastcomp/build_incoming_64/CMakeFiles/CMakeTmp

Run Build Command:"/usr/bin/make" "cmTC_e690e/fast"
/Applications/Xcode.app/Contents/Developer/usr/bin/make -f CMakeFiles/cmTC_e690e.dir/build.make CMakeFiles/cmTC_e690e.dir/build
Building C object CMakeFiles/cmTC_e690e.dir/CheckFunctionExists.c.o
/Applications/Xcode.app/Contents/Developer/Toolchains/XcodeDefault.xctoolchain/usr/bin/cc   -DCHECK_FUNCTION_EXISTS=setupterm   -o CMakeFiles/cmTC_e690e.dir/CheckFunctionExists.c.o   -c /usr/local/Cellar/cmake/3.9.4_1/share/cmake/Modules/CheckFunctionExists.c
Linking C executable cmTC_e690e
/usr/local/Cellar/cmake/3.9.4_1/bin/cmake -E cmake_link_script CMakeFiles/cmTC_e690e.dir/link.txt --verbose=1
/Applications/Xcode.app/Contents/Developer/Toolchains/XcodeDefault.xctoolchain/usr/bin/cc  -DCHECK_FUNCTION_EXISTS=setupterm -Wl,-search_paths_first -Wl,-headerpad_max_install_names   CMakeFiles/cmTC_e690e.dir/CheckFunctionExists.c.o  -o cmTC_e690e -lterminfo -lm 
ld: library not found for -lterminfo
clang: error: linker command failed with exit code 1 (use -v to see invocation)
make[1]: *** [cmTC_e690e] Error 1
make: *** [cmTC_e690e/fast] Error 2


Determining if the posix_fallocate exist failed with the following output:
Change Dir: /Users/Alexis/Documents/dev/bthesis/emsdk-portable/clang/fastcomp/build_incoming_64/CMakeFiles/CMakeTmp

Run Build Command:"/usr/bin/make" "cmTC_feac7/fast"
/Applications/Xcode.app/Contents/Developer/usr/bin/make -f CMakeFiles/cmTC_feac7.dir/build.make CMakeFiles/cmTC_feac7.dir/build
Building C object CMakeFiles/cmTC_feac7.dir/CheckSymbolExists.c.o
/Applications/Xcode.app/Contents/Developer/Toolchains/XcodeDefault.xctoolchain/usr/bin/cc   -Werror=unguarded-availability-new   -o CMakeFiles/cmTC_feac7.dir/CheckSymbolExists.c.o   -c /Users/Alexis/Documents/dev/bthesis/emsdk-portable/clang/fastcomp/build_incoming_64/CMakeFiles/CMakeTmp/CheckSymbolExists.c
/Users/Alexis/Documents/dev/bthesis/emsdk-portable/clang/fastcomp/build_incoming_64/CMakeFiles/CMakeTmp/CheckSymbolExists.c:8:19: error: use of undeclared identifier 'posix_fallocate'
  return ((int*)(&posix_fallocate))[argc];
                  ^
1 error generated.
make[1]: *** [CMakeFiles/cmTC_feac7.dir/CheckSymbolExists.c.o] Error 1
make: *** [cmTC_feac7/fast] Error 2

File /Users/Alexis/Documents/dev/bthesis/emsdk-portable/clang/fastcomp/build_incoming_64/CMakeFiles/CMakeTmp/CheckSymbolExists.c:
/* */
#include <fcntl.h>

int main(int argc, char** argv)
{
  (void)argv;
#ifndef posix_fallocate
  return ((int*)(&posix_fallocate))[argc];
#else
  (void)argc;
  return 0;
#endif
}

Determining if the lseek64 exist failed with the following output:
Change Dir: /Users/Alexis/Documents/dev/bthesis/emsdk-portable/clang/fastcomp/build_incoming_64/CMakeFiles/CMakeTmp

Run Build Command:"/usr/bin/make" "cmTC_f17b1/fast"
/Applications/Xcode.app/Contents/Developer/usr/bin/make -f CMakeFiles/cmTC_f17b1.dir/build.make CMakeFiles/cmTC_f17b1.dir/build
Building C object CMakeFiles/cmTC_f17b1.dir/CheckSymbolExists.c.o
/Applications/Xcode.app/Contents/Developer/Toolchains/XcodeDefault.xctoolchain/usr/bin/cc -D_LARGEFILE64_SOURCE  -Werror=unguarded-availability-new   -o CMakeFiles/cmTC_f17b1.dir/CheckSymbolExists.c.o   -c /Users/Alexis/Documents/dev/bthesis/emsdk-portable/clang/fastcomp/build_incoming_64/CMakeFiles/CMakeTmp/CheckSymbolExists.c
/Users/Alexis/Documents/dev/bthesis/emsdk-portable/clang/fastcomp/build_incoming_64/CMakeFiles/CMakeTmp/CheckSymbolExists.c:9:19: error: use of undeclared identifier 'lseek64'; did you mean 'lseek'?
  return ((int*)(&lseek64))[argc];
                  ^~~~~~~
                  lseek
/usr/include/unistd.h:464:8: note: 'lseek' declared here
off_t    lseek(int, off_t, int);
         ^
1 error generated.
make[1]: *** [CMakeFiles/cmTC_f17b1.dir/CheckSymbolExists.c.o] Error 1
make: *** [cmTC_f17b1/fast] Error 2

File /Users/Alexis/Documents/dev/bthesis/emsdk-portable/clang/fastcomp/build_incoming_64/CMakeFiles/CMakeTmp/CheckSymbolExists.c:
/* */
#include <sys/types.h>
#include <unistd.h>

int main(int argc, char** argv)
{
  (void)argv;
#ifndef lseek64
  return ((int*)(&lseek64))[argc];
#else
  (void)argc;
  return 0;
#endif
}

Determining if the mallctl exist failed with the following output:
Change Dir: /Users/Alexis/Documents/dev/bthesis/emsdk-portable/clang/fastcomp/build_incoming_64/CMakeFiles/CMakeTmp

Run Build Command:"/usr/bin/make" "cmTC_9cc08/fast"
/Applications/Xcode.app/Contents/Developer/usr/bin/make -f CMakeFiles/cmTC_9cc08.dir/build.make CMakeFiles/cmTC_9cc08.dir/build
Building C object CMakeFiles/cmTC_9cc08.dir/CheckSymbolExists.c.o
/Applications/Xcode.app/Contents/Developer/Toolchains/XcodeDefault.xctoolchain/usr/bin/cc   -Werror=unguarded-availability-new   -o CMakeFiles/cmTC_9cc08.dir/CheckSymbolExists.c.o   -c /Users/Alexis/Documents/dev/bthesis/emsdk-portable/clang/fastcomp/build_incoming_64/CMakeFiles/CMakeTmp/CheckSymbolExists.c
/Users/Alexis/Documents/dev/bthesis/emsdk-portable/clang/fastcomp/build_incoming_64/CMakeFiles/CMakeTmp/CheckSymbolExists.c:2:10: fatal error: 'malloc_np.h' file not found
#include <malloc_np.h>
         ^~~~~~~~~~~~~
1 error generated.
make[1]: *** [CMakeFiles/cmTC_9cc08.dir/CheckSymbolExists.c.o] Error 1
make: *** [cmTC_9cc08/fast] Error 2

File /Users/Alexis/Documents/dev/bthesis/emsdk-portable/clang/fastcomp/build_incoming_64/CMakeFiles/CMakeTmp/CheckSymbolExists.c:
/* */
#include <malloc_np.h>

int main(int argc, char** argv)
{
  (void)argv;
#ifndef mallctl
  return ((int*)(&mallctl))[argc];
#else
  (void)argc;
  return 0;
#endif
}

Determining if the mallinfo exist failed with the following output:
Change Dir: /Users/Alexis/Documents/dev/bthesis/emsdk-portable/clang/fastcomp/build_incoming_64/CMakeFiles/CMakeTmp

Run Build Command:"/usr/bin/make" "cmTC_466b2/fast"
/Applications/Xcode.app/Contents/Developer/usr/bin/make -f CMakeFiles/cmTC_466b2.dir/build.make CMakeFiles/cmTC_466b2.dir/build
Building C object CMakeFiles/cmTC_466b2.dir/CheckSymbolExists.c.o
/Applications/Xcode.app/Contents/Developer/Toolchains/XcodeDefault.xctoolchain/usr/bin/cc   -Werror=unguarded-availability-new   -o CMakeFiles/cmTC_466b2.dir/CheckSymbolExists.c.o   -c /Users/Alexis/Documents/dev/bthesis/emsdk-portable/clang/fastcomp/build_incoming_64/CMakeFiles/CMakeTmp/CheckSymbolExists.c
/Users/Alexis/Documents/dev/bthesis/emsdk-portable/clang/fastcomp/build_incoming_64/CMakeFiles/CMakeTmp/CheckSymbolExists.c:2:10: fatal error: 'malloc.h' file not found
#include <malloc.h>
         ^~~~~~~~~~
1 error generated.
make[1]: *** [CMakeFiles/cmTC_466b2.dir/CheckSymbolExists.c.o] Error 1
make: *** [cmTC_466b2/fast] Error 2

File /Users/Alexis/Documents/dev/bthesis/emsdk-portable/clang/fastcomp/build_incoming_64/CMakeFiles/CMakeTmp/CheckSymbolExists.c:
/* */
#include <malloc.h>

int main(int argc, char** argv)
{
  (void)argv;
#ifndef mallinfo
  return ((int*)(&mallinfo))[argc];
#else
  (void)argc;
  return 0;
#endif
}

Determining if the strerror_s exist failed with the following output:
Change Dir: /Users/Alexis/Documents/dev/bthesis/emsdk-portable/clang/fastcomp/build_incoming_64/CMakeFiles/CMakeTmp

Run Build Command:"/usr/bin/make" "cmTC_6aad5/fast"
/Applications/Xcode.app/Contents/Developer/usr/bin/make -f CMakeFiles/cmTC_6aad5.dir/build.make CMakeFiles/cmTC_6aad5.dir/build
Building C object CMakeFiles/cmTC_6aad5.dir/CheckSymbolExists.c.o
/Applications/Xcode.app/Contents/Developer/Toolchains/XcodeDefault.xctoolchain/usr/bin/cc   -Werror=unguarded-availability-new   -o CMakeFiles/cmTC_6aad5.dir/CheckSymbolExists.c.o   -c /Users/Alexis/Documents/dev/bthesis/emsdk-portable/clang/fastcomp/build_incoming_64/CMakeFiles/CMakeTmp/CheckSymbolExists.c
/Users/Alexis/Documents/dev/bthesis/emsdk-portable/clang/fastcomp/build_incoming_64/CMakeFiles/CMakeTmp/CheckSymbolExists.c:8:19: error: use of undeclared identifier 'strerror_s'; did you mean 'strerror_r'?
  return ((int*)(&strerror_s))[argc];
                  ^~~~~~~~~~
                  strerror_r
/usr/include/string.h:116:6: note: 'strerror_r' declared here
int      strerror_r(int __errnum, char *__strerrbuf, size_t __buflen);
         ^
1 error generated.
make[1]: *** [CMakeFiles/cmTC_6aad5.dir/CheckSymbolExists.c.o] Error 1
make: *** [cmTC_6aad5/fast] Error 2

File /Users/Alexis/Documents/dev/bthesis/emsdk-portable/clang/fastcomp/build_incoming_64/CMakeFiles/CMakeTmp/CheckSymbolExists.c:
/* */
#include <string.h>

int main(int argc, char** argv)
{
  (void)argv;
#ifndef strerror_s
  return ((int*)(&strerror_s))[argc];
#else
  (void)argc;
  return 0;
#endif
}

Determining if the __GLIBC__ exist failed with the following output:
Change Dir: /Users/Alexis/Documents/dev/bthesis/emsdk-portable/clang/fastcomp/build_incoming_64/CMakeFiles/CMakeTmp

Run Build Command:"/usr/bin/make" "cmTC_ed72b/fast"
/Applications/Xcode.app/Contents/Developer/usr/bin/make -f CMakeFiles/cmTC_ed72b.dir/build.make CMakeFiles/cmTC_ed72b.dir/build
Building C object CMakeFiles/cmTC_ed72b.dir/CheckSymbolExists.c.o
/Applications/Xcode.app/Contents/Developer/Toolchains/XcodeDefault.xctoolchain/usr/bin/cc   -Werror=unguarded-availability-new   -o CMakeFiles/cmTC_ed72b.dir/CheckSymbolExists.c.o   -c /Users/Alexis/Documents/dev/bthesis/emsdk-portable/clang/fastcomp/build_incoming_64/CMakeFiles/CMakeTmp/CheckSymbolExists.c
/Users/Alexis/Documents/dev/bthesis/emsdk-portable/clang/fastcomp/build_incoming_64/CMakeFiles/CMakeTmp/CheckSymbolExists.c:8:19: error: use of undeclared identifier '__GLIBC__'
  return ((int*)(&__GLIBC__))[argc];
                  ^
1 error generated.
make[1]: *** [CMakeFiles/cmTC_ed72b.dir/CheckSymbolExists.c.o] Error 1
make: *** [cmTC_ed72b/fast] Error 2

File /Users/Alexis/Documents/dev/bthesis/emsdk-portable/clang/fastcomp/build_incoming_64/CMakeFiles/CMakeTmp/CheckSymbolExists.c:
/* */
#include <stdio.h>

int main(int argc, char** argv)
{
  (void)argv;
#ifndef __GLIBC__
  return ((int*)(&__GLIBC__))[argc];
#else
  (void)argc;
  return 0;
#endif
}

Determining if the sched_getaffinity exist failed with the following output:
Change Dir: /Users/Alexis/Documents/dev/bthesis/emsdk-portable/clang/fastcomp/build_incoming_64/CMakeFiles/CMakeTmp

Run Build Command:"/usr/bin/make" "cmTC_a8090/fast"
/Applications/Xcode.app/Contents/Developer/usr/bin/make -f CMakeFiles/cmTC_a8090.dir/build.make CMakeFiles/cmTC_a8090.dir/build
Building C object CMakeFiles/cmTC_a8090.dir/CheckSymbolExists.c.o
/Applications/Xcode.app/Contents/Developer/Toolchains/XcodeDefault.xctoolchain/usr/bin/cc   -Werror=unguarded-availability-new   -o CMakeFiles/cmTC_a8090.dir/CheckSymbolExists.c.o   -c /Users/Alexis/Documents/dev/bthesis/emsdk-portable/clang/fastcomp/build_incoming_64/CMakeFiles/CMakeTmp/CheckSymbolExists.c
/Users/Alexis/Documents/dev/bthesis/emsdk-portable/clang/fastcomp/build_incoming_64/CMakeFiles/CMakeTmp/CheckSymbolExists.c:8:19: error: use of undeclared identifier 'sched_getaffinity'
  return ((int*)(&sched_getaffinity))[argc];
                  ^
1 error generated.
make[1]: *** [CMakeFiles/cmTC_a8090.dir/CheckSymbolExists.c.o] Error 1
make: *** [cmTC_a8090/fast] Error 2

File /Users/Alexis/Documents/dev/bthesis/emsdk-portable/clang/fastcomp/build_incoming_64/CMakeFiles/CMakeTmp/CheckSymbolExists.c:
/* */
#include <sched.h>

int main(int argc, char** argv)
{
  (void)argv;
#ifndef sched_getaffinity
  return ((int*)(&sched_getaffinity))[argc];
#else
  (void)argc;
  return 0;
#endif
}

Determining if the CPU_COUNT exist failed with the following output:
Change Dir: /Users/Alexis/Documents/dev/bthesis/emsdk-portable/clang/fastcomp/build_incoming_64/CMakeFiles/CMakeTmp

Run Build Command:"/usr/bin/make" "cmTC_8c928/fast"
/Applications/Xcode.app/Contents/Developer/usr/bin/make -f CMakeFiles/cmTC_8c928.dir/build.make CMakeFiles/cmTC_8c928.dir/build
Building C object CMakeFiles/cmTC_8c928.dir/CheckSymbolExists.c.o
/Applications/Xcode.app/Contents/Developer/Toolchains/XcodeDefault.xctoolchain/usr/bin/cc   -Werror=unguarded-availability-new   -o CMakeFiles/cmTC_8c928.dir/CheckSymbolExists.c.o   -c /Users/Alexis/Documents/dev/bthesis/emsdk-portable/clang/fastcomp/build_incoming_64/CMakeFiles/CMakeTmp/CheckSymbolExists.c
/Users/Alexis/Documents/dev/bthesis/emsdk-portable/clang/fastcomp/build_incoming_64/CMakeFiles/CMakeTmp/CheckSymbolExists.c:8:19: error: use of undeclared identifier 'CPU_COUNT'
  return ((int*)(&CPU_COUNT))[argc];
                  ^
1 error generated.
make[1]: *** [CMakeFiles/cmTC_8c928.dir/CheckSymbolExists.c.o] Error 1
make: *** [cmTC_8c928/fast] Error 2

File /Users/Alexis/Documents/dev/bthesis/emsdk-portable/clang/fastcomp/build_incoming_64/CMakeFiles/CMakeTmp/CheckSymbolExists.c:
/* */
#include <sched.h>

int main(int argc, char** argv)
{
  (void)argv;
#ifndef CPU_COUNT
  return ((int*)(&CPU_COUNT))[argc];
#else
  (void)argc;
  return 0;
#endif
}

